2025-09-10 12:15:22,767 - INFO - Loaded 130 items to crawl
2025-09-10 12:15:22,767 - INFO - Processing item 1/130: https://vtconline.vn/news/394/5721
2025-09-10 12:15:23,685 - WARNING - Some characters could not be decoded, and were replaced with REPLACEMENT CHARACTER.
2025-09-10 12:15:23,685 - INFO - Successfully crawled: https://vtconline.vn/news/394/5721
2025-09-10 12:15:24,686 - INFO - Processing item 2/130: https://vtconline.vn/news/394/5704
2025-09-10 12:15:24,895 - WARNING - Some characters could not be decoded, and were replaced with REPLACEMENT CHARACTER.
2025-09-10 12:15:24,895 - INFO - Successfully crawled: https://vtconline.vn/news/394/5704
2025-09-10 12:15:25,896 - INFO - Processing item 3/130: https://vtconline.vn/news/394/5716
2025-09-10 12:15:26,119 - WARNING - Some characters could not be decoded, and were replaced with REPLACEMENT CHARACTER.
2025-09-10 12:15:26,120 - INFO - Successfully crawled: https://vtconline.vn/news/394/5716
2025-09-10 12:15:27,121 - INFO - Processing item 4/130: https://vtconline.vn/news/394/5699
2025-09-10 12:15:27,325 - WARNING - Some characters could not be decoded, and were replaced with REPLACEMENT CHARACTER.
2025-09-10 12:15:27,326 - INFO - Successfully crawled: https://vtconline.vn/news/394/5699
2025-09-10 12:15:28,327 - INFO - Processing item 5/130: https://vtconline.vn/news/394/5653
2025-09-10 12:15:28,648 - WARNING - Some characters could not be decoded, and were replaced with REPLACEMENT CHARACTER.
2025-09-10 12:15:28,649 - INFO - Successfully crawled: https://vtconline.vn/news/394/5653
2025-09-10 12:15:29,650 - INFO - Processing item 6/130: https://vtconline.vn/news/394/5648
2025-09-10 12:15:29,957 - WARNING - Some characters could not be decoded, and were replaced with REPLACEMENT CHARACTER.
2025-09-10 12:15:29,958 - INFO - Successfully crawled: https://vtconline.vn/news/394/5648
2025-09-10 12:15:30,959 - INFO - Processing item 7/130: https://vtconline.vn/news/394/5646
2025-09-10 12:15:31,280 - WARNING - Some characters could not be decoded, and were replaced with REPLACEMENT CHARACTER.
2025-09-10 12:15:31,281 - INFO - Successfully crawled: https://vtconline.vn/news/394/5646
2025-09-10 12:15:32,282 - INFO - Processing item 8/130: https://vtconline.vn/news/394/5643
2025-09-10 12:15:32,617 - WARNING - Some characters could not be decoded, and were replaced with REPLACEMENT CHARACTER.
2025-09-10 12:15:32,618 - INFO - Successfully crawled: https://vtconline.vn/news/394/5643
2025-09-10 12:15:33,619 - INFO - Processing item 9/130: https://vtconline.vn/news/394/5636
2025-09-10 12:15:33,877 - WARNING - Some characters could not be decoded, and were replaced with REPLACEMENT CHARACTER.
2025-09-10 12:15:33,877 - INFO - Successfully crawled: https://vtconline.vn/news/394/5636
2025-09-10 12:15:34,878 - INFO - Processing item 10/130: https://vtconline.vn/news/394/5634
2025-09-10 12:15:35,176 - WARNING - Some characters could not be decoded, and were replaced with REPLACEMENT CHARACTER.
2025-09-10 12:15:35,177 - INFO - Successfully crawled: https://vtconline.vn/news/394/5634
2025-09-10 12:15:36,178 - INFO - Processing item 11/130: https://vtconline.vn/news/394/5617
2025-09-10 12:15:36,502 - WARNING - Some characters could not be decoded, and were replaced with REPLACEMENT CHARACTER.
2025-09-10 12:15:36,503 - INFO - Successfully crawled: https://vtconline.vn/news/394/5617
2025-09-10 12:15:37,504 - INFO - Processing item 12/130: https://vtconline.vn/news/394/5611
2025-09-10 12:15:37,822 - WARNING - Some characters could not be decoded, and were replaced with REPLACEMENT CHARACTER.
2025-09-10 12:15:37,823 - INFO - Successfully crawled: https://vtconline.vn/news/394/5611
2025-09-10 12:15:38,824 - INFO - Processing item 13/130: https://vtconline.vn/news/394/5606
2025-09-10 12:15:39,020 - WARNING - Some characters could not be decoded, and were replaced with REPLACEMENT CHARACTER.
2025-09-10 12:15:39,021 - INFO - Successfully crawled: https://vtconline.vn/news/394/5606
2025-09-10 12:15:40,022 - INFO - Processing item 14/130: https://vtconline.vn/news/394/5601
2025-09-10 12:15:40,280 - WARNING - Some characters could not be decoded, and were replaced with REPLACEMENT CHARACTER.
2025-09-10 12:15:40,281 - INFO - Successfully crawled: https://vtconline.vn/news/394/5601
2025-09-10 12:15:41,282 - INFO - Processing item 15/130: https://vtconline.vn/news/394/5576
2025-09-10 12:15:41,539 - WARNING - Some characters could not be decoded, and were replaced with REPLACEMENT CHARACTER.
2025-09-10 12:15:41,540 - INFO - Successfully crawled: https://vtconline.vn/news/394/5576
2025-09-10 12:15:42,541 - INFO - Processing item 16/130: https://vtconline.vn/news/394/5557
2025-09-10 12:15:42,745 - WARNING - Some characters could not be decoded, and were replaced with REPLACEMENT CHARACTER.
2025-09-10 12:15:42,745 - INFO - Successfully crawled: https://vtconline.vn/news/394/5557
2025-09-10 12:15:43,746 - INFO - Processing item 17/130: https://vtconline.vn/news/394/5525
2025-09-10 12:15:44,069 - WARNING - Some characters could not be decoded, and were replaced with REPLACEMENT CHARACTER.
2025-09-10 12:15:44,069 - INFO - Successfully crawled: https://vtconline.vn/news/394/5525
2025-09-10 12:15:45,071 - INFO - Processing item 18/130: https://vtconline.vn/news/394/5462
2025-09-10 12:15:45,410 - WARNING - Some characters could not be decoded, and were replaced with REPLACEMENT CHARACTER.
2025-09-10 12:15:45,411 - INFO - Successfully crawled: https://vtconline.vn/news/394/5462
2025-09-10 12:15:46,412 - INFO - Processing item 19/130: https://vtconline.vn/news/394/5460
2025-09-10 12:15:47,039 - WARNING - Some characters could not be decoded, and were replaced with REPLACEMENT CHARACTER.
2025-09-10 12:15:47,039 - INFO - Successfully crawled: https://vtconline.vn/news/394/5460
2025-09-10 12:15:48,040 - INFO - Processing item 20/130: https://vtconline.vn/news/394/5456
2025-09-10 12:15:48,380 - WARNING - Some characters could not be decoded, and were replaced with REPLACEMENT CHARACTER.
2025-09-10 12:15:48,381 - INFO - Successfully crawled: https://vtconline.vn/news/394/5456
2025-09-10 12:15:49,382 - INFO - Processing item 21/130: https://vtconline.vn/news/394/5455
2025-09-10 12:15:49,700 - WARNING - Some characters could not be decoded, and were replaced with REPLACEMENT CHARACTER.
2025-09-10 12:15:49,701 - INFO - Successfully crawled: https://vtconline.vn/news/394/5455
2025-09-10 12:15:50,702 - INFO - Processing item 22/130: https://vtconline.vn/news/394/5454
2025-09-10 12:15:51,032 - WARNING - Some characters could not be decoded, and were replaced with REPLACEMENT CHARACTER.
2025-09-10 12:15:51,033 - INFO - Successfully crawled: https://vtconline.vn/news/394/5454
2025-09-10 12:15:52,034 - INFO - Processing item 23/130: https://vtconline.vn/news/394/5428
2025-09-10 12:15:52,261 - WARNING - Some characters could not be decoded, and were replaced with REPLACEMENT CHARACTER.
2025-09-10 12:15:52,261 - INFO - Successfully crawled: https://vtconline.vn/news/394/5428
2025-09-10 12:15:53,262 - INFO - Processing item 24/130: https://vtconline.vn/news/394/5422
2025-09-10 12:15:53,796 - WARNING - Some characters could not be decoded, and were replaced with REPLACEMENT CHARACTER.
2025-09-10 12:15:53,797 - INFO - Successfully crawled: https://vtconline.vn/news/394/5422
2025-09-10 12:15:54,798 - INFO - Processing item 25/130: https://vtconline.vn/news/394/5418
2025-09-10 12:15:55,022 - WARNING - Some characters could not be decoded, and were replaced with REPLACEMENT CHARACTER.
2025-09-10 12:15:55,022 - INFO - Successfully crawled: https://vtconline.vn/news/394/5418
2025-09-10 12:15:56,023 - INFO - Processing item 26/130: https://vtconline.vn/news/394/5408
2025-09-10 12:15:56,255 - WARNING - Some characters could not be decoded, and were replaced with REPLACEMENT CHARACTER.
2025-09-10 12:15:56,255 - INFO - Successfully crawled: https://vtconline.vn/news/394/5408
2025-09-10 12:15:57,256 - INFO - Processing item 27/130: https://vtconline.vn/news/394/5401
2025-09-10 12:15:57,533 - WARNING - Some characters could not be decoded, and were replaced with REPLACEMENT CHARACTER.
2025-09-10 12:15:57,533 - INFO - Successfully crawled: https://vtconline.vn/news/394/5401
2025-09-10 12:15:58,534 - INFO - Processing item 28/130: https://vtconline.vn/news/394/5391
2025-09-10 12:15:58,820 - WARNING - Some characters could not be decoded, and were replaced with REPLACEMENT CHARACTER.
2025-09-10 12:15:58,820 - INFO - Successfully crawled: https://vtconline.vn/news/394/5391
2025-09-10 12:15:59,821 - INFO - Processing item 29/130: https://vtconline.vn/news/394/5389
2025-09-10 12:16:00,110 - WARNING - Some characters could not be decoded, and were replaced with REPLACEMENT CHARACTER.
2025-09-10 12:16:00,111 - INFO - Successfully crawled: https://vtconline.vn/news/394/5389
2025-09-10 12:16:01,112 - INFO - Processing item 30/130: https://vtconline.vn/news/394/5367
2025-09-10 12:16:01,413 - WARNING - Some characters could not be decoded, and were replaced with REPLACEMENT CHARACTER.
2025-09-10 12:16:01,414 - INFO - Successfully crawled: https://vtconline.vn/news/394/5367
2025-09-10 12:16:02,415 - INFO - Processing item 31/130: https://vtconline.vn/news/394/5365
2025-09-10 12:16:02,581 - WARNING - Some characters could not be decoded, and were replaced with REPLACEMENT CHARACTER.
2025-09-10 12:16:02,582 - INFO - Successfully crawled: https://vtconline.vn/news/394/5365
2025-09-10 12:16:03,583 - INFO - Processing item 32/130: https://vtconline.vn/news/394/5364
2025-09-10 12:16:04,036 - WARNING - Some characters could not be decoded, and were replaced with REPLACEMENT CHARACTER.
2025-09-10 12:16:04,037 - INFO - Successfully crawled: https://vtconline.vn/news/394/5364
2025-09-10 12:16:05,038 - INFO - Processing item 33/130: https://vtconline.vn/news/394/5360
2025-09-10 12:16:05,302 - WARNING - Some characters could not be decoded, and were replaced with REPLACEMENT CHARACTER.
2025-09-10 12:16:05,302 - INFO - Successfully crawled: https://vtconline.vn/news/394/5360
2025-09-10 12:16:06,303 - INFO - Processing item 34/130: https://vtconline.vn/news/394/5358
2025-09-10 12:16:06,510 - WARNING - Some characters could not be decoded, and were replaced with REPLACEMENT CHARACTER.
2025-09-10 12:16:06,510 - INFO - Successfully crawled: https://vtconline.vn/news/394/5358
2025-09-10 12:16:07,511 - INFO - Processing item 35/130: https://vtconline.vn/news/394/5359
2025-09-10 12:16:07,748 - WARNING - Some characters could not be decoded, and were replaced with REPLACEMENT CHARACTER.
2025-09-10 12:16:07,748 - INFO - Successfully crawled: https://vtconline.vn/news/394/5359
2025-09-10 12:16:08,749 - INFO - Processing item 36/130: https://vtconline.vn/news/394/5339
2025-09-10 12:16:09,009 - WARNING - Some characters could not be decoded, and were replaced with REPLACEMENT CHARACTER.
2025-09-10 12:16:09,009 - INFO - Successfully crawled: https://vtconline.vn/news/394/5339
2025-09-10 12:16:10,010 - INFO - Processing item 37/130: https://vtconline.vn/news/394/5319
2025-09-10 12:16:10,232 - WARNING - Some characters could not be decoded, and were replaced with REPLACEMENT CHARACTER.
2025-09-10 12:16:10,232 - INFO - Successfully crawled: https://vtconline.vn/news/394/5319
2025-09-10 12:16:11,233 - INFO - Processing item 38/130: https://vtconline.vn/news/394/5315
2025-09-10 12:16:11,420 - WARNING - Some characters could not be decoded, and were replaced with REPLACEMENT CHARACTER.
2025-09-10 12:16:11,421 - INFO - Successfully crawled: https://vtconline.vn/news/394/5315
2025-09-10 12:16:12,422 - INFO - Processing item 39/130: https://vtconline.vn/news/394/5314
2025-09-10 12:16:12,638 - WARNING - Some characters could not be decoded, and were replaced with REPLACEMENT CHARACTER.
2025-09-10 12:16:12,639 - INFO - Successfully crawled: https://vtconline.vn/news/394/5314
2025-09-10 12:16:13,640 - INFO - Processing item 40/130: https://vtconline.vn/news/394/5306
2025-09-10 12:16:13,844 - WARNING - Some characters could not be decoded, and were replaced with REPLACEMENT CHARACTER.
2025-09-10 12:16:13,844 - INFO - Successfully crawled: https://vtconline.vn/news/394/5306
2025-09-10 12:16:14,845 - INFO - Processing item 41/130: https://vtconline.vn/news/394/5324
2025-09-10 12:16:15,041 - WARNING - Some characters could not be decoded, and were replaced with REPLACEMENT CHARACTER.
2025-09-10 12:16:15,041 - INFO - Successfully crawled: https://vtconline.vn/news/394/5324
2025-09-10 12:16:16,042 - INFO - Processing item 42/130: https://vtconline.vn/news/394/5280
2025-09-10 12:16:16,244 - WARNING - Some characters could not be decoded, and were replaced with REPLACEMENT CHARACTER.
2025-09-10 12:16:16,244 - INFO - Successfully crawled: https://vtconline.vn/news/394/5280
2025-09-10 12:16:17,246 - INFO - Processing item 43/130: https://vtconline.vn/news/394/5245
2025-09-10 12:16:17,436 - WARNING - Some characters could not be decoded, and were replaced with REPLACEMENT CHARACTER.
2025-09-10 12:16:17,436 - INFO - Successfully crawled: https://vtconline.vn/news/394/5245
2025-09-10 12:16:18,437 - INFO - Processing item 44/130: https://vtconline.vn/news/394/5234
2025-09-10 12:16:18,627 - WARNING - Some characters could not be decoded, and were replaced with REPLACEMENT CHARACTER.
2025-09-10 12:16:18,628 - INFO - Successfully crawled: https://vtconline.vn/news/394/5234
2025-09-10 12:16:19,629 - INFO - Processing item 45/130: https://vtconline.vn/news/394/5213
2025-09-10 12:16:19,850 - WARNING - Some characters could not be decoded, and were replaced with REPLACEMENT CHARACTER.
2025-09-10 12:16:19,851 - INFO - Successfully crawled: https://vtconline.vn/news/394/5213
2025-09-10 12:16:20,852 - INFO - Processing item 46/130: https://vtconline.vn/news/394/5204
2025-09-10 12:16:21,044 - WARNING - Some characters could not be decoded, and were replaced with REPLACEMENT CHARACTER.
2025-09-10 12:16:21,045 - INFO - Successfully crawled: https://vtconline.vn/news/394/5204
2025-09-10 12:16:22,046 - INFO - Processing item 47/130: https://vtconline.vn/news/394/5182
2025-09-10 12:16:22,583 - WARNING - Some characters could not be decoded, and were replaced with REPLACEMENT CHARACTER.
2025-09-10 12:16:22,583 - INFO - Successfully crawled: https://vtconline.vn/news/394/5182
2025-09-10 12:16:23,584 - INFO - Processing item 48/130: https://vtconline.vn/news/394/5167
2025-09-10 12:16:24,373 - WARNING - Some characters could not be decoded, and were replaced with REPLACEMENT CHARACTER.
2025-09-10 12:16:24,373 - INFO - Successfully crawled: https://vtconline.vn/news/394/5167
2025-09-10 12:16:25,374 - INFO - Processing item 49/130: https://vtconline.vn/news/394/5166
2025-09-10 12:16:25,684 - WARNING - Some characters could not be decoded, and were replaced with REPLACEMENT CHARACTER.
2025-09-10 12:16:25,684 - INFO - Successfully crawled: https://vtconline.vn/news/394/5166
2025-09-10 12:16:26,686 - INFO - Processing item 50/130: https://vtconline.vn/news/394/5165
2025-09-10 12:16:26,931 - WARNING - Some characters could not be decoded, and were replaced with REPLACEMENT CHARACTER.
2025-09-10 12:16:26,933 - INFO - Successfully crawled: https://vtconline.vn/news/394/5165
2025-09-10 12:16:27,934 - INFO - Processing item 51/130: https://vtconline.vn/news/394/5150
2025-09-10 12:16:28,203 - WARNING - Some characters could not be decoded, and were replaced with REPLACEMENT CHARACTER.
2025-09-10 12:16:28,203 - INFO - Successfully crawled: https://vtconline.vn/news/394/5150
2025-09-10 12:16:29,204 - INFO - Processing item 52/130: https://vtconline.vn/news/394/5129
2025-09-10 12:16:29,510 - WARNING - Some characters could not be decoded, and were replaced with REPLACEMENT CHARACTER.
2025-09-10 12:16:29,511 - INFO - Successfully crawled: https://vtconline.vn/news/394/5129
2025-09-10 12:16:30,512 - INFO - Processing item 53/130: https://vtconline.vn/news/394/5116
2025-09-10 12:16:30,874 - WARNING - Some characters could not be decoded, and were replaced with REPLACEMENT CHARACTER.
2025-09-10 12:16:30,875 - INFO - Successfully crawled: https://vtconline.vn/news/394/5116
2025-09-10 12:16:31,876 - INFO - Processing item 54/130: https://vtconline.vn/news/394/5096
2025-09-10 12:16:32,106 - WARNING - Some characters could not be decoded, and were replaced with REPLACEMENT CHARACTER.
2025-09-10 12:16:32,107 - INFO - Successfully crawled: https://vtconline.vn/news/394/5096
2025-09-10 12:16:33,108 - INFO - Processing item 55/130: https://vtconline.vn/news/394/5071
2025-09-10 12:16:33,425 - WARNING - Some characters could not be decoded, and were replaced with REPLACEMENT CHARACTER.
2025-09-10 12:16:33,426 - INFO - Successfully crawled: https://vtconline.vn/news/394/5071
2025-09-10 12:16:34,427 - INFO - Processing item 56/130: https://vtconline.vn/news/394/5069
2025-09-10 12:16:34,766 - WARNING - Some characters could not be decoded, and were replaced with REPLACEMENT CHARACTER.
2025-09-10 12:16:34,767 - INFO - Successfully crawled: https://vtconline.vn/news/394/5069
2025-09-10 12:16:35,769 - INFO - Processing item 57/130: https://vtconline.vn/news/394/5020
2025-09-10 12:16:36,190 - WARNING - Some characters could not be decoded, and were replaced with REPLACEMENT CHARACTER.
2025-09-10 12:16:36,191 - INFO - Successfully crawled: https://vtconline.vn/news/394/5020
2025-09-10 12:16:37,192 - INFO - Processing item 58/130: https://vtconline.vn/news/394/5011
2025-09-10 12:16:37,521 - WARNING - Some characters could not be decoded, and were replaced with REPLACEMENT CHARACTER.
2025-09-10 12:16:37,522 - INFO - Successfully crawled: https://vtconline.vn/news/394/5011
2025-09-10 12:16:38,523 - INFO - Processing item 59/130: https://vtconline.vn/news/394/5004
2025-09-10 12:16:38,853 - WARNING - Some characters could not be decoded, and were replaced with REPLACEMENT CHARACTER.
2025-09-10 12:16:38,854 - INFO - Successfully crawled: https://vtconline.vn/news/394/5004
2025-09-10 12:16:39,855 - INFO - Processing item 60/130: https://vtconline.vn/news/394/4960
2025-09-10 12:16:40,184 - WARNING - Some characters could not be decoded, and were replaced with REPLACEMENT CHARACTER.
2025-09-10 12:16:40,185 - INFO - Successfully crawled: https://vtconline.vn/news/394/4960
2025-09-10 12:16:41,186 - INFO - Processing item 61/130: https://vtconline.vn/news/394/4929
2025-09-10 12:16:41,515 - WARNING - Some characters could not be decoded, and were replaced with REPLACEMENT CHARACTER.
2025-09-10 12:16:41,516 - INFO - Successfully crawled: https://vtconline.vn/news/394/4929
2025-09-10 12:16:42,517 - INFO - Processing item 62/130: https://vtconline.vn/news/394/4916
2025-09-10 12:16:42,750 - WARNING - Some characters could not be decoded, and were replaced with REPLACEMENT CHARACTER.
2025-09-10 12:16:42,751 - INFO - Successfully crawled: https://vtconline.vn/news/394/4916
2025-09-10 12:16:43,752 - INFO - Processing item 63/130: https://vtconline.vn/news/394/4897
2025-09-10 12:16:44,035 - WARNING - Some characters could not be decoded, and were replaced with REPLACEMENT CHARACTER.
2025-09-10 12:16:44,036 - INFO - Successfully crawled: https://vtconline.vn/news/394/4897
2025-09-10 12:16:45,037 - INFO - Processing item 64/130: https://vtconline.vn/news/394/4898
2025-09-10 12:16:45,311 - WARNING - Some characters could not be decoded, and were replaced with REPLACEMENT CHARACTER.
2025-09-10 12:16:45,312 - INFO - Successfully crawled: https://vtconline.vn/news/394/4898
2025-09-10 12:16:46,314 - INFO - Processing item 65/130: https://vtconline.vn/news/394/4899
2025-09-10 12:16:46,625 - WARNING - Some characters could not be decoded, and were replaced with REPLACEMENT CHARACTER.
2025-09-10 12:16:46,625 - INFO - Successfully crawled: https://vtconline.vn/news/394/4899
2025-09-10 12:16:47,627 - INFO - Processing item 66/130: https://vtconline.vn/news/394/5460
2025-09-10 12:16:47,855 - WARNING - Some characters could not be decoded, and were replaced with REPLACEMENT CHARACTER.
2025-09-10 12:16:47,855 - INFO - Successfully crawled: https://vtconline.vn/news/394/5460
2025-09-10 12:16:48,856 - INFO - Processing item 67/130: https://vtconline.vn/news/394/5456
2025-09-10 12:16:49,195 - WARNING - Some characters could not be decoded, and were replaced with REPLACEMENT CHARACTER.
2025-09-10 12:16:49,196 - INFO - Successfully crawled: https://vtconline.vn/news/394/5456
2025-09-10 12:16:50,197 - INFO - Processing item 68/130: https://vtconline.vn/news/394/5455
2025-09-10 12:16:50,621 - WARNING - Some characters could not be decoded, and were replaced with REPLACEMENT CHARACTER.
2025-09-10 12:16:50,622 - INFO - Successfully crawled: https://vtconline.vn/news/394/5455
2025-09-10 12:16:51,623 - INFO - Processing item 69/130: https://vtconline.vn/news/394/5454
2025-09-10 12:16:51,865 - WARNING - Some characters could not be decoded, and were replaced with REPLACEMENT CHARACTER.
2025-09-10 12:16:51,866 - INFO - Successfully crawled: https://vtconline.vn/news/394/5454
2025-09-10 12:16:52,867 - INFO - Processing item 70/130: https://vtconline.vn/news/394/5428
2025-09-10 12:16:53,105 - WARNING - Some characters could not be decoded, and were replaced with REPLACEMENT CHARACTER.
2025-09-10 12:16:53,105 - INFO - Successfully crawled: https://vtconline.vn/news/394/5428
2025-09-10 12:16:54,106 - INFO - Processing item 71/130: https://vtconline.vn/news/394/5422
2025-09-10 12:16:54,316 - WARNING - Some characters could not be decoded, and were replaced with REPLACEMENT CHARACTER.
2025-09-10 12:16:54,317 - INFO - Successfully crawled: https://vtconline.vn/news/394/5422
2025-09-10 12:16:55,318 - INFO - Processing item 72/130: https://vtconline.vn/news/394/4929
2025-09-10 12:16:55,519 - WARNING - Some characters could not be decoded, and were replaced with REPLACEMENT CHARACTER.
2025-09-10 12:16:55,520 - INFO - Successfully crawled: https://vtconline.vn/news/394/4929
2025-09-10 12:16:56,521 - INFO - Processing item 73/130: https://vtconline.vn/news/394/4916
2025-09-10 12:16:56,885 - WARNING - Some characters could not be decoded, and were replaced with REPLACEMENT CHARACTER.
2025-09-10 12:16:56,886 - INFO - Successfully crawled: https://vtconline.vn/news/394/4916
2025-09-10 12:16:57,887 - INFO - Processing item 74/130: https://vtconline.vn/news/394/4897
2025-09-10 12:16:58,207 - WARNING - Some characters could not be decoded, and were replaced with REPLACEMENT CHARACTER.
2025-09-10 12:16:58,207 - INFO - Successfully crawled: https://vtconline.vn/news/394/4897
2025-09-10 12:16:59,208 - INFO - Processing item 75/130: https://vtconline.vn/news/394/4898
2025-09-10 12:16:59,511 - WARNING - Some characters could not be decoded, and were replaced with REPLACEMENT CHARACTER.
2025-09-10 12:16:59,512 - INFO - Successfully crawled: https://vtconline.vn/news/394/4898
2025-09-10 12:17:00,513 - INFO - Processing item 76/130: https://vtconline.vn/news/394/4899
2025-09-10 12:17:00,767 - WARNING - Some characters could not be decoded, and were replaced with REPLACEMENT CHARACTER.
2025-09-10 12:17:00,768 - INFO - Successfully crawled: https://vtconline.vn/news/394/4899
2025-09-10 12:17:01,769 - INFO - Processing item 77/130: https://vtconline.vn/news/394/5071
2025-09-10 12:17:01,983 - WARNING - Some characters could not be decoded, and were replaced with REPLACEMENT CHARACTER.
2025-09-10 12:17:01,984 - INFO - Successfully crawled: https://vtconline.vn/news/394/5071
2025-09-10 12:17:02,985 - INFO - Processing item 78/130: https://vtconline.vn/news/394/5069
2025-09-10 12:17:03,190 - WARNING - Some characters could not be decoded, and were replaced with REPLACEMENT CHARACTER.
2025-09-10 12:17:03,190 - INFO - Successfully crawled: https://vtconline.vn/news/394/5069
2025-09-10 12:17:04,191 - INFO - Processing item 79/130: https://vtconline.vn/news/394/5020
2025-09-10 12:17:04,388 - WARNING - Some characters could not be decoded, and were replaced with REPLACEMENT CHARACTER.
2025-09-10 12:17:04,389 - INFO - Successfully crawled: https://vtconline.vn/news/394/5020
2025-09-10 12:17:05,390 - INFO - Processing item 80/130: https://vtconline.vn/news/394/5011
2025-09-10 12:17:05,594 - WARNING - Some characters could not be decoded, and were replaced with REPLACEMENT CHARACTER.
2025-09-10 12:17:05,594 - INFO - Successfully crawled: https://vtconline.vn/news/394/5011
2025-09-10 12:17:06,595 - INFO - Processing item 81/130: https://vtconline.vn/news/394/5004
2025-09-10 12:17:06,812 - WARNING - Some characters could not be decoded, and were replaced with REPLACEMENT CHARACTER.
2025-09-10 12:17:06,813 - INFO - Successfully crawled: https://vtconline.vn/news/394/5004
2025-09-10 12:17:07,814 - INFO - Processing item 82/130: https://vtconline.vn/news/394/4960
2025-09-10 12:17:08,139 - WARNING - Some characters could not be decoded, and were replaced with REPLACEMENT CHARACTER.
2025-09-10 12:17:08,140 - INFO - Successfully crawled: https://vtconline.vn/news/394/4960
2025-09-10 12:17:09,141 - INFO - Processing item 83/130: https://vtconline.vn/news/394/5606
2025-09-10 12:17:09,367 - WARNING - Some characters could not be decoded, and were replaced with REPLACEMENT CHARACTER.
2025-09-10 12:17:09,368 - INFO - Successfully crawled: https://vtconline.vn/news/394/5606
2025-09-10 12:17:10,369 - INFO - Processing item 84/130: https://vtconline.vn/news/394/5601
2025-09-10 12:17:10,699 - WARNING - Some characters could not be decoded, and were replaced with REPLACEMENT CHARACTER.
2025-09-10 12:17:10,699 - INFO - Successfully crawled: https://vtconline.vn/news/394/5601
2025-09-10 12:17:11,700 - INFO - Processing item 85/130: https://vtconline.vn/news/394/5576
2025-09-10 12:17:11,917 - WARNING - Some characters could not be decoded, and were replaced with REPLACEMENT CHARACTER.
2025-09-10 12:17:11,917 - INFO - Successfully crawled: https://vtconline.vn/news/394/5576
2025-09-10 12:17:12,918 - INFO - Processing item 86/130: https://vtconline.vn/news/394/5557
2025-09-10 12:17:13,268 - WARNING - Some characters could not be decoded, and were replaced with REPLACEMENT CHARACTER.
2025-09-10 12:17:13,269 - INFO - Successfully crawled: https://vtconline.vn/news/394/5557
2025-09-10 12:17:14,270 - INFO - Processing item 87/130: https://vtconline.vn/news/394/5525
2025-09-10 12:17:14,590 - WARNING - Some characters could not be decoded, and were replaced with REPLACEMENT CHARACTER.
2025-09-10 12:17:14,591 - INFO - Successfully crawled: https://vtconline.vn/news/394/5525
2025-09-10 12:17:15,592 - INFO - Processing item 88/130: https://vtconline.vn/news/394/5462
2025-09-10 12:17:15,866 - WARNING - Some characters could not be decoded, and were replaced with REPLACEMENT CHARACTER.
2025-09-10 12:17:15,867 - INFO - Successfully crawled: https://vtconline.vn/news/394/5462
2025-09-10 12:17:16,868 - INFO - Processing item 89/130: https://vtconline.vn/news/394/5646
2025-09-10 12:17:17,097 - WARNING - Some characters could not be decoded, and were replaced with REPLACEMENT CHARACTER.
2025-09-10 12:17:17,097 - INFO - Successfully crawled: https://vtconline.vn/news/394/5646
2025-09-10 12:17:18,098 - INFO - Processing item 90/130: https://vtconline.vn/news/394/5643
2025-09-10 12:17:18,326 - WARNING - Some characters could not be decoded, and were replaced with REPLACEMENT CHARACTER.
2025-09-10 12:17:18,327 - INFO - Successfully crawled: https://vtconline.vn/news/394/5643
2025-09-10 12:17:19,328 - INFO - Processing item 91/130: https://vtconline.vn/news/394/5636
2025-09-10 12:17:19,535 - WARNING - Some characters could not be decoded, and were replaced with REPLACEMENT CHARACTER.
2025-09-10 12:17:19,535 - INFO - Successfully crawled: https://vtconline.vn/news/394/5636
2025-09-10 12:17:20,536 - INFO - Processing item 92/130: https://vtconline.vn/news/394/5634
2025-09-10 12:17:20,742 - WARNING - Some characters could not be decoded, and were replaced with REPLACEMENT CHARACTER.
2025-09-10 12:17:20,742 - INFO - Successfully crawled: https://vtconline.vn/news/394/5634
2025-09-10 12:17:21,743 - INFO - Processing item 93/130: https://vtconline.vn/news/394/5617
2025-09-10 12:17:22,008 - WARNING - Some characters could not be decoded, and were replaced with REPLACEMENT CHARACTER.
2025-09-10 12:17:22,008 - INFO - Successfully crawled: https://vtconline.vn/news/394/5617
2025-09-10 12:17:23,009 - INFO - Processing item 94/130: https://vtconline.vn/news/394/5611
2025-09-10 12:17:23,306 - WARNING - Some characters could not be decoded, and were replaced with REPLACEMENT CHARACTER.
2025-09-10 12:17:23,307 - INFO - Successfully crawled: https://vtconline.vn/news/394/5611
2025-09-10 12:17:24,308 - INFO - Processing item 95/130: https://vtconline.vn/news/394/5245
2025-09-10 12:17:24,547 - WARNING - Some characters could not be decoded, and were replaced with REPLACEMENT CHARACTER.
2025-09-10 12:17:24,548 - INFO - Successfully crawled: https://vtconline.vn/news/394/5245
2025-09-10 12:17:25,549 - INFO - Processing item 96/130: https://vtconline.vn/news/394/5234
2025-09-10 12:17:25,740 - WARNING - Some characters could not be decoded, and were replaced with REPLACEMENT CHARACTER.
2025-09-10 12:17:25,740 - INFO - Successfully crawled: https://vtconline.vn/news/394/5234
2025-09-10 12:17:26,741 - INFO - Processing item 97/130: https://vtconline.vn/news/394/5213
2025-09-10 12:17:26,955 - WARNING - Some characters could not be decoded, and were replaced with REPLACEMENT CHARACTER.
2025-09-10 12:17:26,956 - INFO - Successfully crawled: https://vtconline.vn/news/394/5213
2025-09-10 12:17:27,957 - INFO - Processing item 98/130: https://vtconline.vn/news/394/5204
2025-09-10 12:17:28,152 - WARNING - Some characters could not be decoded, and were replaced with REPLACEMENT CHARACTER.
2025-09-10 12:17:28,153 - INFO - Successfully crawled: https://vtconline.vn/news/394/5204
2025-09-10 12:17:29,154 - INFO - Processing item 99/130: https://vtconline.vn/news/394/5182
2025-09-10 12:17:29,352 - WARNING - Some characters could not be decoded, and were replaced with REPLACEMENT CHARACTER.
2025-09-10 12:17:29,353 - INFO - Successfully crawled: https://vtconline.vn/news/394/5182
2025-09-10 12:17:30,354 - INFO - Processing item 100/130: https://vtconline.vn/news/394/5167
2025-09-10 12:17:30,573 - WARNING - Some characters could not be decoded, and were replaced with REPLACEMENT CHARACTER.
2025-09-10 12:17:30,573 - INFO - Successfully crawled: https://vtconline.vn/news/394/5167
2025-09-10 12:17:31,574 - INFO - Processing item 101/130: https://vtconline.vn/news/394/5319
2025-09-10 12:17:31,817 - WARNING - Some characters could not be decoded, and were replaced with REPLACEMENT CHARACTER.
2025-09-10 12:17:31,818 - INFO - Successfully crawled: https://vtconline.vn/news/394/5319
2025-09-10 12:17:32,819 - INFO - Processing item 102/130: https://vtconline.vn/news/394/5315
2025-09-10 12:17:33,061 - WARNING - Some characters could not be decoded, and were replaced with REPLACEMENT CHARACTER.
2025-09-10 12:17:33,061 - INFO - Successfully crawled: https://vtconline.vn/news/394/5315
2025-09-10 12:17:34,062 - INFO - Processing item 103/130: https://vtconline.vn/news/394/5314
2025-09-10 12:17:34,268 - WARNING - Some characters could not be decoded, and were replaced with REPLACEMENT CHARACTER.
2025-09-10 12:17:34,268 - INFO - Successfully crawled: https://vtconline.vn/news/394/5314
2025-09-10 12:17:35,270 - INFO - Processing item 104/130: https://vtconline.vn/news/394/5306
2025-09-10 12:17:35,465 - WARNING - Some characters could not be decoded, and were replaced with REPLACEMENT CHARACTER.
2025-09-10 12:17:35,466 - INFO - Successfully crawled: https://vtconline.vn/news/394/5306
2025-09-10 12:17:36,467 - INFO - Processing item 105/130: https://vtconline.vn/news/394/5324
2025-09-10 12:17:36,810 - WARNING - Some characters could not be decoded, and were replaced with REPLACEMENT CHARACTER.
2025-09-10 12:17:36,810 - INFO - Successfully crawled: https://vtconline.vn/news/394/5324
2025-09-10 12:17:37,812 - INFO - Processing item 106/130: https://vtconline.vn/news/394/5280
2025-09-10 12:17:38,086 - WARNING - Some characters could not be decoded, and were replaced with REPLACEMENT CHARACTER.
2025-09-10 12:17:38,087 - INFO - Successfully crawled: https://vtconline.vn/news/394/5280
2025-09-10 12:17:39,088 - INFO - Processing item 107/130: https://vtconline.vn/news/394/5418
2025-09-10 12:17:39,319 - WARNING - Some characters could not be decoded, and were replaced with REPLACEMENT CHARACTER.
2025-09-10 12:17:39,319 - INFO - Successfully crawled: https://vtconline.vn/news/394/5418
2025-09-10 12:17:40,320 - INFO - Processing item 108/130: https://vtconline.vn/news/394/5408
2025-09-10 12:17:40,605 - WARNING - Some characters could not be decoded, and were replaced with REPLACEMENT CHARACTER.
2025-09-10 12:17:40,606 - INFO - Successfully crawled: https://vtconline.vn/news/394/5408
2025-09-10 12:17:41,612 - INFO - Processing item 109/130: https://vtconline.vn/news/394/5401
2025-09-10 12:17:41,941 - WARNING - Some characters could not be decoded, and were replaced with REPLACEMENT CHARACTER.
2025-09-10 12:17:41,942 - INFO - Successfully crawled: https://vtconline.vn/news/394/5401
2025-09-10 12:17:42,943 - INFO - Processing item 110/130: https://vtconline.vn/news/394/5391
2025-09-10 12:17:43,576 - WARNING - Some characters could not be decoded, and were replaced with REPLACEMENT CHARACTER.
2025-09-10 12:17:43,576 - INFO - Successfully crawled: https://vtconline.vn/news/394/5391
2025-09-10 12:17:44,577 - INFO - Processing item 111/130: https://vtconline.vn/news/394/5389
2025-09-10 12:17:44,905 - WARNING - Some characters could not be decoded, and were replaced with REPLACEMENT CHARACTER.
2025-09-10 12:17:44,905 - INFO - Successfully crawled: https://vtconline.vn/news/394/5389
2025-09-10 12:17:45,906 - INFO - Processing item 112/130: https://vtconline.vn/news/394/5367
2025-09-10 12:17:46,198 - WARNING - Some characters could not be decoded, and were replaced with REPLACEMENT CHARACTER.
2025-09-10 12:17:46,198 - INFO - Successfully crawled: https://vtconline.vn/news/394/5367
2025-09-10 12:17:47,199 - INFO - Processing item 113/130: https://vtconline.vn/news/394/5365
2025-09-10 12:17:47,461 - WARNING - Some characters could not be decoded, and were replaced with REPLACEMENT CHARACTER.
2025-09-10 12:17:47,461 - INFO - Successfully crawled: https://vtconline.vn/news/394/5365
2025-09-10 12:17:48,462 - INFO - Processing item 114/130: https://vtconline.vn/news/394/5364
2025-09-10 12:17:48,692 - WARNING - Some characters could not be decoded, and were replaced with REPLACEMENT CHARACTER.
2025-09-10 12:17:48,693 - INFO - Successfully crawled: https://vtconline.vn/news/394/5364
2025-09-10 12:17:49,694 - INFO - Processing item 115/130: https://vtconline.vn/news/394/5360
2025-09-10 12:17:49,918 - WARNING - Some characters could not be decoded, and were replaced with REPLACEMENT CHARACTER.
2025-09-10 12:17:49,919 - INFO - Successfully crawled: https://vtconline.vn/news/394/5360
2025-09-10 12:17:50,920 - INFO - Processing item 116/130: https://vtconline.vn/news/394/5358
2025-09-10 12:17:51,249 - WARNING - Some characters could not be decoded, and were replaced with REPLACEMENT CHARACTER.
2025-09-10 12:17:51,249 - INFO - Successfully crawled: https://vtconline.vn/news/394/5358
2025-09-10 12:17:52,250 - INFO - Processing item 117/130: https://vtconline.vn/news/394/5359
2025-09-10 12:17:52,669 - WARNING - Some characters could not be decoded, and were replaced with REPLACEMENT CHARACTER.
2025-09-10 12:17:52,670 - INFO - Successfully crawled: https://vtconline.vn/news/394/5359
2025-09-10 12:17:53,671 - INFO - Processing item 118/130: https://vtconline.vn/news/394/5339
2025-09-10 12:17:53,975 - WARNING - Some characters could not be decoded, and were replaced with REPLACEMENT CHARACTER.
2025-09-10 12:17:53,976 - INFO - Successfully crawled: https://vtconline.vn/news/394/5339
2025-09-10 12:17:54,977 - INFO - Processing item 119/130: https://vtconline.vn/news/394/5166
2025-09-10 12:17:55,252 - WARNING - Some characters could not be decoded, and were replaced with REPLACEMENT CHARACTER.
2025-09-10 12:17:55,253 - INFO - Successfully crawled: https://vtconline.vn/news/394/5166
2025-09-10 12:17:56,254 - INFO - Processing item 120/130: https://vtconline.vn/news/394/5165
2025-09-10 12:17:56,550 - WARNING - Some characters could not be decoded, and were replaced with REPLACEMENT CHARACTER.
2025-09-10 12:17:56,551 - INFO - Successfully crawled: https://vtconline.vn/news/394/5165
2025-09-10 12:17:57,552 - INFO - Processing item 121/130: https://vtconline.vn/news/394/5150
2025-09-10 12:17:57,802 - WARNING - Some characters could not be decoded, and were replaced with REPLACEMENT CHARACTER.
2025-09-10 12:17:57,803 - INFO - Successfully crawled: https://vtconline.vn/news/394/5150
2025-09-10 12:17:58,804 - INFO - Processing item 122/130: https://vtconline.vn/news/394/5129
2025-09-10 12:17:59,140 - WARNING - Some characters could not be decoded, and were replaced with REPLACEMENT CHARACTER.
2025-09-10 12:17:59,141 - INFO - Successfully crawled: https://vtconline.vn/news/394/5129
2025-09-10 12:18:00,142 - INFO - Processing item 123/130: https://vtconline.vn/news/394/5116
2025-09-10 12:18:00,475 - WARNING - Some characters could not be decoded, and were replaced with REPLACEMENT CHARACTER.
2025-09-10 12:18:00,476 - INFO - Successfully crawled: https://vtconline.vn/news/394/5116
2025-09-10 12:18:01,478 - INFO - Processing item 124/130: https://vtconline.vn/news/394/5096
2025-09-10 12:18:01,902 - WARNING - Some characters could not be decoded, and were replaced with REPLACEMENT CHARACTER.
2025-09-10 12:18:01,903 - INFO - Successfully crawled: https://vtconline.vn/news/394/5096
2025-09-10 12:18:02,904 - INFO - Processing item 125/130: https://vtconline.vn/news/394/5721
2025-09-10 12:18:03,240 - WARNING - Some characters could not be decoded, and were replaced with REPLACEMENT CHARACTER.
2025-09-10 12:18:03,242 - INFO - Successfully crawled: https://vtconline.vn/news/394/5721
2025-09-10 12:18:04,243 - INFO - Processing item 126/130: https://vtconline.vn/news/394/5704
2025-09-10 12:18:04,567 - WARNING - Some characters could not be decoded, and were replaced with REPLACEMENT CHARACTER.
2025-09-10 12:18:04,568 - INFO - Successfully crawled: https://vtconline.vn/news/394/5704
2025-09-10 12:18:05,569 - INFO - Processing item 127/130: https://vtconline.vn/news/394/5716
2025-09-10 12:18:05,867 - WARNING - Some characters could not be decoded, and were replaced with REPLACEMENT CHARACTER.
2025-09-10 12:18:05,868 - INFO - Successfully crawled: https://vtconline.vn/news/394/5716
2025-09-10 12:18:06,869 - INFO - Processing item 128/130: https://vtconline.vn/news/394/5699
2025-09-10 12:18:07,133 - WARNING - Some characters could not be decoded, and were replaced with REPLACEMENT CHARACTER.
2025-09-10 12:18:07,134 - INFO - Successfully crawled: https://vtconline.vn/news/394/5699
2025-09-10 12:18:08,135 - INFO - Processing item 129/130: https://vtconline.vn/news/394/5653
2025-09-10 12:18:08,456 - WARNING - Some characters could not be decoded, and were replaced with REPLACEMENT CHARACTER.
2025-09-10 12:18:08,457 - INFO - Successfully crawled: https://vtconline.vn/news/394/5653
2025-09-10 12:18:09,458 - INFO - Processing item 130/130: https://vtconline.vn/news/394/5648
2025-09-10 12:18:09,786 - WARNING - Some characters could not be decoded, and were replaced with REPLACEMENT CHARACTER.
2025-09-10 12:18:09,786 - INFO - Successfully crawled: https://vtconline.vn/news/394/5648
2025-09-10 12:18:09,786 - INFO - Crawling completed. Success: 130, Failed: 0
2025-09-10 12:18:09,787 - INFO - Results saved to: ../../dataset/data/vtc/vtc_crawled_data_20250910_121809.json
2025-09-10 12:18:09,787 - INFO - Crawling process completed successfully!
2025-09-10 12:18:09,787 - INFO - Total items processed: 130
2025-09-10 12:25:10,013 - INFO - Loaded 65 items to crawl
2025-09-10 12:25:10,013 - INFO - Processing item 1/65: https://vtconline.vn/news/394/5460
2025-09-10 12:25:10,013 - ERROR - Unexpected error: VTCCrawler.crawl_url() got an unexpected keyword argument 'debug'
